[2020-08-08 20:48:07] local.ERROR: Undefined index: SERVER_PORT {"exception":"[object] (ErrorException(code: 0): Undefined index: SERVER_PORT at /opt/lampp/htdocs/salepropos/app/Providers/AppServiceProvider.php:31)
[stacktrace]
#0 /opt/lampp/htdocs/salepropos/app/Providers/AppServiceProvider.php(31): Illuminate\\Foundation\\Bootstrap\\HandleExceptions->handleError()
#1 [internal function]: App\\Providers\\AppServiceProvider->boot()
#2 /opt/lampp/htdocs/salepropos/vendor/laravel/framework/src/Illuminate/Container/BoundMethod.php(29): call_user_func_array()
#3 /opt/lampp/htdocs/salepropos/vendor/laravel/framework/src/Illuminate/Container/BoundMethod.php(87): Illuminate\\Container\\BoundMethod::Illuminate\\Container\\{closure}()
#4 /opt/lampp/htdocs/salepropos/vendor/laravel/framework/src/Illuminate/Container/BoundMethod.php(31): Illuminate\\Container\\BoundMethod::callBoundMethod()
#5 /opt/lampp/htdocs/salepropos/vendor/laravel/framework/src/Illuminate/Container/Container.php(564): Illuminate\\Container\\BoundMethod::call()
#6 /opt/lampp/htdocs/salepropos/vendor/laravel/framework/src/Illuminate/Foundation/Application.php(794): Illuminate\\Container\\Container->call()
#7 /opt/lampp/htdocs/salepropos/vendor/laravel/framework/src/Illuminate/Foundation/Application.php(777): Illuminate\\Foundation\\Application->bootProvider()
#8 [internal function]: Illuminate\\Foundation\\Application->Illuminate\\Foundation\\{closure}()
#9 /opt/lampp/htdocs/salepropos/vendor/laravel/framework/src/Illuminate/Foundation/Application.php(778): array_walk()
#10 /opt/lampp/htdocs/salepropos/vendor/laravel/framework/src/Illuminate/Foundation/Bootstrap/BootProviders.php(17): Illuminate\\Foundation\\Application->boot()
#11 /opt/lampp/htdocs/salepropos/vendor/laravel/framework/src/Illuminate/Foundation/Application.php(206): Illuminate\\Foundation\\Bootstrap\\BootProviders->bootstrap()
#12 /opt/lampp/htdocs/salepropos/vendor/laravel/framework/src/Illuminate/Foundation/Console/Kernel.php(297): Illuminate\\Foundation\\Application->bootstrapWith()
#13 /opt/lampp/htdocs/salepropos/vendor/laravel/framework/src/Illuminate/Foundation/Console/Kernel.php(120): Illuminate\\Foundation\\Console\\Kernel->bootstrap()
#14 /opt/lampp/htdocs/salepropos/artisan(37): Illuminate\\Foundation\\Console\\Kernel->handle()
#15 {main}
"} 
[2020-08-08 20:51:13] local.ERROR: SQLSTATE[HY000] [2002] Connection refused (SQL: select * from `general_settings` order by `created_at` desc limit 1) {"exception":"[object] (Illuminate\\Database\\QueryException(code: 2002): SQLSTATE[HY000] [2002] Connection refused (SQL: select * from `general_settings` order by `created_at` desc limit 1) at /opt/lampp/htdocs/salepropos/vendor/laravel/framework/src/Illuminate/Database/Connection.php:664, Doctrine\\DBAL\\Driver\\PDOException(code: 2002): SQLSTATE[HY000] [2002] Connection refused at /opt/lampp/htdocs/salepropos/vendor/doctrine/dbal/lib/Doctrine/DBAL/Driver/PDOConnection.php:31, PDOException(code: 2002): SQLSTATE[HY000] [2002] Connection refused at /opt/lampp/htdocs/salepropos/vendor/doctrine/dbal/lib/Doctrine/DBAL/Driver/PDOConnection.php:27)
[stacktrace]
#0 /opt/lampp/htdocs/salepropos/vendor/laravel/framework/src/Illuminate/Database/Connection.php(624): Illuminate\\Database\\Connection->runQueryCallback()
#1 /opt/lampp/htdocs/salepropos/vendor/laravel/framework/src/Illuminate/Database/Connection.php(333): Illuminate\\Database\\Connection->run()
#2 /opt/lampp/htdocs/salepropos/vendor/laravel/framework/src/Illuminate/Database/Query/Builder.php(1963): Illuminate\\Database\\Connection->select()
#3 /opt/lampp/htdocs/salepropos/vendor/laravel/framework/src/Illuminate/Database/Query/Builder.php(1951): Illuminate\\Database\\Query\\Builder->runSelect()
#4 /opt/lampp/htdocs/salepropos/vendor/laravel/framework/src/Illuminate/Database/Query/Builder.php(2435): Illuminate\\Database\\Query\\Builder->Illuminate\\Database\\Query\\{closure}()
#5 /opt/lampp/htdocs/salepropos/vendor/laravel/framework/src/Illuminate/Database/Query/Builder.php(1952): Illuminate\\Database\\Query\\Builder->onceWithColumns()
#6 /opt/lampp/htdocs/salepropos/vendor/laravel/framework/src/Illuminate/Database/Concerns/BuildsQueries.php(77): Illuminate\\Database\\Query\\Builder->get()
#7 /opt/lampp/htdocs/salepropos/app/Providers/AppServiceProvider.php(41): Illuminate\\Database\\Query\\Builder->first()
#8 [internal function]: App\\Providers\\AppServiceProvider->boot()
#9 /opt/lampp/htdocs/salepropos/vendor/laravel/framework/src/Illuminate/Container/BoundMethod.php(29): call_user_func_array()
#10 /opt/lampp/htdocs/salepropos/vendor/laravel/framework/src/Illuminate/Container/BoundMethod.php(87): Illuminate\\Container\\BoundMethod::Illuminate\\Container\\{closure}()
#11 /opt/lampp/htdocs/salepropos/vendor/laravel/framework/src/Illuminate/Container/BoundMethod.php(31): Illuminate\\Container\\BoundMethod::callBoundMethod()
#12 /opt/lampp/htdocs/salepropos/vendor/laravel/framework/src/Illuminate/Container/Container.php(564): Illuminate\\Container\\BoundMethod::call()
#13 /opt/lampp/htdocs/salepropos/vendor/laravel/framework/src/Illuminate/Foundation/Application.php(794): Illuminate\\Container\\Container->call()
#14 /opt/lampp/htdocs/salepropos/vendor/laravel/framework/src/Illuminate/Foundation/Application.php(777): Illuminate\\Foundation\\Application->bootProvider()
#15 [internal function]: Illuminate\\Foundation\\Application->Illuminate\\Foundation\\{closure}()
#16 /opt/lampp/htdocs/salepropos/vendor/laravel/framework/src/Illuminate/Foundation/Application.php(778): array_walk()
#17 /opt/lampp/htdocs/salepropos/vendor/laravel/framework/src/Illuminate/Foundation/Bootstrap/BootProviders.php(17): Illuminate\\Foundation\\Application->boot()
#18 /opt/lampp/htdocs/salepropos/vendor/laravel/framework/src/Illuminate/Foundation/Application.php(206): Illuminate\\Foundation\\Bootstrap\\BootProviders->bootstrap()
#19 /opt/lampp/htdocs/salepropos/vendor/laravel/framework/src/Illuminate/Foundation/Console/Kernel.php(297): Illuminate\\Foundation\\Application->bootstrapWith()
#20 /opt/lampp/htdocs/salepropos/vendor/laravel/framework/src/Illuminate/Foundation/Console/Kernel.php(120): Illuminate\\Foundation\\Console\\Kernel->bootstrap()
#21 /opt/lampp/htdocs/salepropos/artisan(37): Illuminate\\Foundation\\Console\\Kernel->handle()
#22 {main}
"} 
